This is pdfTeX, Version 3.141592653-2.6-1.40.28 (MiKTeX 25.12) (preloaded format=pdflatex 2026.3.13)  27 MAY 2026 22:17
entering extended mode
 restricted \write18 enabled.
 %&-line parsing enabled.
**./report.tex
(report.tex
LaTeX2e <2025-11-01>
L3 programming layer <2025-12-24>
(C:\Users\joshh\AppData\Local\Programs\MiKTeX\tex/latex/base\article.cls
Document Class: article 2025/01/22 v1.4n Standard LaTeX document class
(C:\Users\joshh\AppData\Local\Programs\MiKTeX\tex/latex/base\size12.clo
File: size12.clo 2025/01/22 v1.4n Standard LaTeX file (size option)
)
\c@part=\count275
\c@section=\count276
\c@subsection=\count277
\c@subsubsection=\count278
\c@paragraph=\count279
\c@subparagraph=\count280
\c@figure=\count281
\c@table=\count282
\abovecaptionskip=\skip49
\belowcaptionskip=\skip50
\bibindent=\dimen148
)
(C:\Users\joshh\AppData\Local\Programs\MiKTeX\tex/latex/base\inputenc.sty
Package: inputenc 2024/02/08 v1.3d Input encoding file
\inpenc@prehook=\toks17
\inpenc@posthook=\toks18
)
(C:\Users\joshh\AppData\Local\Programs\MiKTeX\tex/latex/amsmath\amsmath.sty
Package: amsmath 2025/07/09 v2.17z AMS math features
\@mathmargin=\skip51

For additional information on amsmath, use the `?' option.
(C:\Users\joshh\AppData\Local\Programs\MiKTeX\tex/latex/amsmath\amstext.sty
Package: amstext 2024/11/17 v2.01 AMS text

(C:\Users\joshh\AppData\Local\Programs\MiKTeX\tex/latex/amsmath\amsgen.sty
File: amsgen.sty 1999/11/30 v2.0 generic functions
\@emptytoks=\toks19
\ex@=\dimen149
))
(C:\Users\joshh\AppData\Local\Programs\MiKTeX\tex/latex/amsmath\amsbsy.sty
Package: amsbsy 1999/11/29 v1.2d Bold Symbols
\pmbraise@=\dimen150
)
(C:\Users\joshh\AppData\Local\Programs\MiKTeX\tex/latex/amsmath\amsopn.sty
Package: amsopn 2022/04/08 v2.04 operator names
)
\inf@bad=\count283
LaTeX Info: Redefining \frac on input line 233.
\uproot@=\count284
\leftroot@=\count285
LaTeX Info: Redefining \overline on input line 398.
LaTeX Info: Redefining \colon on input line 409.
\classnum@=\count286
\DOTSCASE@=\count287
LaTeX Info: Redefining \ldots on input line 495.
LaTeX Info: Redefining \dots on input line 498.
LaTeX Info: Redefining \cdots on input line 619.
\Mathstrutbox@=\box53
\strutbox@=\box54
LaTeX Info: Redefining \big on input line 721.
LaTeX Info: Redefining \Big on input line 722.
LaTeX Info: Redefining \bigg on input line 723.
LaTeX Info: Redefining \Bigg on input line 724.
\big@size=\dimen151
LaTeX Font Info:    Redeclaring font encoding OML on input line 742.
LaTeX Font Info:    Redeclaring font encoding OMS on input line 743.
\macc@depth=\count288
LaTeX Info: Redefining \bmod on input line 904.
LaTeX Info: Redefining \pmod on input line 909.
LaTeX Info: Redefining \smash on input line 939.
LaTeX Info: Redefining \relbar on input line 969.
LaTeX Info: Redefining \Relbar on input line 970.
\c@MaxMatrixCols=\count289
\dotsspace@=\muskip17
\c@parentequation=\count290
\dspbrk@lvl=\count291
\tag@help=\toks20
\row@=\count292
\column@=\count293
\maxfields@=\count294
\andhelp@=\toks21
\eqnshift@=\dimen152
\alignsep@=\dimen153
\tagshift@=\dimen154
\tagwidth@=\dimen155
\totwidth@=\dimen156
\lineht@=\dimen157
\@envbody=\toks22
\multlinegap=\skip52
\multlinetaggap=\skip53
\mathdisplay@stack=\toks23
LaTeX Info: Redefining \[ on input line 2950.
LaTeX Info: Redefining \] on input line 2951.
)
(C:\Users\joshh\AppData\Local\Programs\MiKTeX\tex/latex/amsfonts\amssymb.sty
Package: amssymb 2013/01/14 v3.01 AMS font symbols

(C:\Users\joshh\AppData\Local\Programs\MiKTeX\tex/latex/amsfonts\amsfonts.sty
Package: amsfonts 2013/01/14 v3.01 Basic AMSFonts support
\symAMSa=\mathgroup4
\symAMSb=\mathgroup5
LaTeX Font Info:    Redeclaring math symbol \hbar on input line 98.
LaTeX Font Info:    Overwriting math alphabet `\mathfrak' in version `bold'
(Font)                  U/euf/m/n --> U/euf/b/n on input line 106.
)) (C:\Users\joshh\AppData\Local\Programs\MiKTeX\tex/latex/graphics\graphicx.st
y
Package: graphicx 2024/12/31 v1.2e Enhanced LaTeX Graphics (DPC,SPQR)

(C:\Users\joshh\AppData\Local\Programs\MiKTeX\tex/latex/graphics\keyval.sty
Package: keyval 2022/05/29 v1.15 key=value parser (DPC)
\KV@toks@=\toks24
)
(C:\Users\joshh\AppData\Local\Programs\MiKTeX\tex/latex/graphics\graphics.sty
Package: graphics 2024/08/06 v1.4g Standard LaTeX Graphics (DPC,SPQR)

(C:\Users\joshh\AppData\Local\Programs\MiKTeX\tex/latex/graphics\trig.sty
Package: trig 2023/12/02 v1.11 sin cos tan (DPC)
)
(C:\Users\joshh\AppData\Local\Programs\MiKTeX\tex/latex/graphics-cfg\graphics.c
fg
File: graphics.cfg 2016/06/04 v1.11 sample graphics configuration
)
Package graphics Info: Driver file: pdftex.def on input line 106.

(C:\Users\joshh\AppData\Local\Programs\MiKTeX\tex/latex/graphics-def\pdftex.def
File: pdftex.def 2025/09/29 v1.2d Graphics/color driver for pdftex
))
\Gin@req@height=\dimen158
\Gin@req@width=\dimen159
)
(C:\Users\joshh\AppData\Local\Programs\MiKTeX\tex/latex/hyperref\hyperref.sty
Package: hyperref 2025-07-12 v7.01o Hypertext links for LaTeX

(C:\Users\joshh\AppData\Local\Programs\MiKTeX\tex/generic/iftex\iftex.sty
Package: iftex 2024/12/12 v1.0g TeX engine tests
)
(C:\Users\joshh\AppData\Local\Programs\MiKTeX\tex/latex/kvsetkeys\kvsetkeys.sty
Package: kvsetkeys 2022-10-05 v1.19 Key value parser (HO)
)
(C:\Users\joshh\AppData\Local\Programs\MiKTeX\tex/generic/kvdefinekeys\kvdefine
keys.sty
Package: kvdefinekeys 2019-12-19 v1.6 Define keys (HO)
)
(C:\Users\joshh\AppData\Local\Programs\MiKTeX\tex/generic/pdfescape\pdfescape.s
ty
Package: pdfescape 2019/12/09 v1.15 Implements pdfTeX's escape features (HO)

(C:\Users\joshh\AppData\Local\Programs\MiKTeX\tex/generic/ltxcmds\ltxcmds.sty
Package: ltxcmds 2023-12-04 v1.26 LaTeX kernel commands for general use (HO)
)
(C:\Users\joshh\AppData\Local\Programs\MiKTeX\tex/generic/pdftexcmds\pdftexcmds
.sty
Package: pdftexcmds 2020-06-27 v0.33 Utility functions of pdfTeX for LuaTeX (HO
)

(C:\Users\joshh\AppData\Local\Programs\MiKTeX\tex/generic/infwarerr\infwarerr.s
ty
Package: infwarerr 2019/12/03 v1.5 Providing info/warning/error messages (HO)
)
Package pdftexcmds Info: \pdf@primitive is available.
Package pdftexcmds Info: \pdf@ifprimitive is available.
Package pdftexcmds Info: \pdfdraftmode found.
))
(C:\Users\joshh\AppData\Local\Programs\MiKTeX\tex/latex/hycolor\hycolor.sty
Package: hycolor 2020-01-27 v1.10 Color options for hyperref/bookmark (HO)
)
(C:\Users\joshh\AppData\Local\Programs\MiKTeX\tex/latex/hyperref\nameref.sty
Package: nameref 2025-06-21 v2.57 Cross-referencing by name of section

(C:\Users\joshh\AppData\Local\Programs\MiKTeX\tex/latex/refcount\refcount.sty
Package: refcount 2019/12/15 v3.6 Data extraction from label references (HO)
)
(C:\Users\joshh\AppData\Local\Programs\MiKTeX\tex/generic/gettitlestring\gettit
lestring.sty
Package: gettitlestring 2019/12/15 v1.6 Cleanup title references (HO)

(C:\Users\joshh\AppData\Local\Programs\MiKTeX\tex/latex/kvoptions\kvoptions.sty
Package: kvoptions 2022-06-15 v3.15 Key value format for package options (HO)
))
\c@section@level=\count295
)
(C:\Users\joshh\AppData\Local\Programs\MiKTeX\tex/latex/etoolbox\etoolbox.sty
Package: etoolbox 2025/10/02 v2.5m e-TeX tools for LaTeX (JAW)
\etb@tempcnta=\count296
)
(C:\Users\joshh\AppData\Local\Programs\MiKTeX\tex/generic/stringenc\stringenc.s
ty
Package: stringenc 2019/11/29 v1.12 Convert strings between diff. encodings (HO
)
)
\@linkdim=\dimen160
\Hy@linkcounter=\count297
\Hy@pagecounter=\count298
 (C:\Users\joshh\AppData\Local\Programs\MiKTeX\tex/latex/hyperref\pd1enc.def
File: pd1enc.def 2025-07-12 v7.01o Hyperref: PDFDocEncoding definition (HO)
Now handling font encoding PD1 ...
... no UTF-8 mapping file for font encoding PD1
) (C:\Users\joshh\AppData\Local\Programs\MiKTeX\tex/generic/intcalc\intcalc.sty
Package: intcalc 2019/12/15 v1.3 Expandable calculations with integers (HO)
)
\Hy@SavedSpaceFactor=\count299
 (C:\Users\joshh\AppData\Local\Programs\MiKTeX\tex/latex/hyperref\puenc.def
File: puenc.def 2025-07-12 v7.01o Hyperref: PDF Unicode definition (HO)
Now handling font encoding PU ...
... no UTF-8 mapping file for font encoding PU
)
Package hyperref Info: Hyper figures OFF on input line 4195.
Package hyperref Info: Link nesting OFF on input line 4200.
Package hyperref Info: Hyper index ON on input line 4203.
Package hyperref Info: Plain pages OFF on input line 4210.
Package hyperref Info: Backreferencing OFF on input line 4215.
Package hyperref Info: Implicit mode ON; LaTeX internals redefined.
Package hyperref Info: Bookmarks ON on input line 4462.
\c@Hy@tempcnt=\count300

(C:\Users\joshh\AppData\Local\Programs\MiKTeX\tex/latex/url\url.sty
\Urlmuskip=\muskip18
Package: url 2013/09/16  ver 3.4  Verb mode for urls, etc.
)
LaTeX Info: Redefining \url on input line 4801.
\XeTeXLinkMargin=\dimen161

(C:\Users\joshh\AppData\Local\Programs\MiKTeX\tex/generic/bitset\bitset.sty
Package: bitset 2019/12/09 v1.3 Handle bit-vector datatype (HO)

(C:\Users\joshh\AppData\Local\Programs\MiKTeX\tex/generic/bigintcalc\bigintcalc
.sty
Package: bigintcalc 2019/12/15 v1.5 Expandable calculations on big integers (HO
)
))
\Fld@menulength=\count301
\Field@Width=\dimen162
\Fld@charsize=\dimen163
Package hyperref Info: Hyper figures OFF on input line 6078.
Package hyperref Info: Link nesting OFF on input line 6083.
Package hyperref Info: Hyper index ON on input line 6086.
Package hyperref Info: backreferencing OFF on input line 6093.
Package hyperref Info: Link coloring OFF on input line 6098.
Package hyperref Info: Link coloring with OCG OFF on input line 6103.
Package hyperref Info: PDF/A mode OFF on input line 6108.
\Hy@abspage=\count302
\c@Item=\count303
\c@Hfootnote=\count304
)
Package hyperref Info: Driver (autodetected): hpdftex.

(C:\Users\joshh\AppData\Local\Programs\MiKTeX\tex/latex/hyperref\hpdftex.def
File: hpdftex.def 2025-07-12 v7.01o Hyperref driver for pdfTeX
\Fld@listcount=\count305
\c@bookmark@seq@number=\count306

(C:\Users\joshh\AppData\Local\Programs\MiKTeX\tex/latex/rerunfilecheck\rerunfil
echeck.sty
Package: rerunfilecheck 2025-06-21 v1.11 Rerun checks for auxiliary files (HO)

(C:\Users\joshh\AppData\Local\Programs\MiKTeX\tex/generic/uniquecounter\uniquec
ounter.sty
Package: uniquecounter 2019/12/15 v1.4 Provide unlimited unique counter (HO)
)
Package uniquecounter Info: New unique counter `rerunfilecheck' on input line 2
84.
)
\Hy@SectionHShift=\skip54
)
(C:\Users\joshh\AppData\Local\Programs\MiKTeX\tex/latex/geometry\geometry.sty
Package: geometry 2020/01/02 v5.9 Page Geometry

(C:\Users\joshh\AppData\Local\Programs\MiKTeX\tex/generic/iftex\ifvtex.sty
Package: ifvtex 2019/10/25 v1.7 ifvtex legacy package. Use iftex instead.
)
\Gm@cnth=\count307
\Gm@cntv=\count308
\c@Gm@tempcnt=\count309
\Gm@bindingoffset=\dimen164
\Gm@wd@mp=\dimen165
\Gm@odd@mp=\dimen166
\Gm@even@mp=\dimen167
\Gm@layoutwidth=\dimen168
\Gm@layoutheight=\dimen169
\Gm@layouthoffset=\dimen170
\Gm@layoutvoffset=\dimen171
\Gm@dimlist=\toks25

(C:\Users\joshh\AppData\Local\Programs\MiKTeX\tex/latex/geometry\geometry.cfg))
(C:\Users\joshh\AppData\Local\Programs\MiKTeX\tex/latex/float\float.sty
Package: float 2001/11/08 v1.3d Float enhancements (AL)
\c@float@type=\count310
\float@exts=\toks26
\float@box=\box55
\@float@everytoks=\toks27
\@floatcapt=\box56
)
(C:\Users\joshh\AppData\Local\Programs\MiKTeX\tex/latex/booktabs\booktabs.sty
Package: booktabs 2020/01/12 v1.61803398 Publication quality tables
\heavyrulewidth=\dimen172
\lightrulewidth=\dimen173
\cmidrulewidth=\dimen174
\belowrulesep=\dimen175
\belowbottomsep=\dimen176
\aboverulesep=\dimen177
\abovetopsep=\dimen178
\cmidrulesep=\dimen179
\cmidrulekern=\dimen180
\defaultaddspace=\dimen181
\@cmidla=\count311
\@cmidlb=\count312
\@aboverulesep=\dimen182
\@belowrulesep=\dimen183
\@thisruleclass=\count313
\@lastruleclass=\count314
\@thisrulewidth=\dimen184
)
(C:\Users\joshh\AppData\Local\Programs\MiKTeX\tex/latex/listings\listings.sty
\lst@mode=\count315
\lst@gtempboxa=\box57
\lst@token=\toks28
\lst@length=\count316
\lst@currlwidth=\dimen185
\lst@column=\count317
\lst@pos=\count318
\lst@lostspace=\dimen186
\lst@width=\dimen187
\lst@newlines=\count319
\lst@lineno=\count320
\lst@maxwidth=\dimen188

(C:\Users\joshh\AppData\Local\Programs\MiKTeX\tex/latex/listings\lstpatch.sty
File: lstpatch.sty 2025/11/14 1.11b (Carsten Heinz)
)
(C:\Users\joshh\AppData\Local\Programs\MiKTeX\tex/latex/listings\lstmisc.sty
File: lstmisc.sty 2025/11/14 1.11b (Carsten Heinz)
\c@lstnumber=\count321
\lst@skipnumbers=\count322
\lst@framebox=\box58
)
(C:\Users\joshh\AppData\Local\Programs\MiKTeX\tex/latex/listings\listings.cfg
File: listings.cfg 2025/11/14 1.11b listings configuration
))
Package: listings 2025/11/14 1.11b (Carsten Heinz)
==> First Aid for listings.sty no longer applied!
    Expected:
        2024/09/23 1.10c (Carsten Heinz)
    but found:
        2025/11/14 1.11b (Carsten Heinz)
    so I'm assuming it got fixed.
(C:\Users\joshh\AppData\Local\Programs\MiKTeX\tex/latex/graphics\color.sty
Package: color 2025/01/14 v1.3e Standard LaTeX Color (DPC)

(C:\Users\joshh\AppData\Local\Programs\MiKTeX\tex/latex/graphics-cfg\color.cfg
File: color.cfg 2016/01/02 v1.6 sample color configuration
)
Package color Info: Driver file: pdftex.def on input line 149.
(C:\Users\joshh\AppData\Local\Programs\MiKTeX\tex/latex/graphics\mathcolor.ltx)
)
(C:\Users\joshh\AppData\Local\Programs\MiKTeX\tex/latex/l3backend\l3backend-pdf
tex.def
File: l3backend-pdftex.def 2025-10-09 L3 backend support: PDF output (pdfTeX)
\l__color_backend_stack_int=\count323
) (report.aux)
\openout1 = `report.aux'.

LaTeX Font Info:    Checking defaults for OML/cmm/m/it on input line 45.
LaTeX Font Info:    ... okay on input line 45.
LaTeX Font Info:    Checking defaults for OMS/cmsy/m/n on input line 45.
LaTeX Font Info:    ... okay on input line 45.
LaTeX Font Info:    Checking defaults for OT1/cmr/m/n on input line 45.
LaTeX Font Info:    ... okay on input line 45.
LaTeX Font Info:    Checking defaults for T1/cmr/m/n on input line 45.
LaTeX Font Info:    ... okay on input line 45.
LaTeX Font Info:    Checking defaults for TS1/cmr/m/n on input line 45.
LaTeX Font Info:    ... okay on input line 45.
LaTeX Font Info:    Checking defaults for OMX/cmex/m/n on input line 45.
LaTeX Font Info:    ... okay on input line 45.
LaTeX Font Info:    Checking defaults for U/cmr/m/n on input line 45.
LaTeX Font Info:    ... okay on input line 45.
LaTeX Font Info:    Checking defaults for PD1/pdf/m/n on input line 45.
LaTeX Font Info:    ... okay on input line 45.
LaTeX Font Info:    Checking defaults for PU/pdf/m/n on input line 45.
LaTeX Font Info:    ... okay on input line 45.

(C:\Users\joshh\AppData\Local\Programs\MiKTeX\tex/context/base/mkii\supp-pdf.mk
ii
[Loading MPS to PDF converter (version 2006.09.02).]
\scratchcounter=\count324
\scratchdimen=\dimen189
\scratchbox=\box59
\nofMPsegments=\count325
\nofMParguments=\count326
\everyMPshowfont=\toks29
\MPscratchCnt=\count327
\MPscratchDim=\dimen190
\MPnumerator=\count328
\makeMPintoPDFobject=\count329
\everyMPtoPDFconversion=\toks30
)
(C:\Users\joshh\AppData\Local\Programs\MiKTeX\tex/latex/epstopdf-pkg\epstopdf-b
ase.sty
Package: epstopdf-base 2020-01-24 v2.11 Base part for package epstopdf
Package epstopdf-base Info: Redefining graphics rule for `.eps' on input line 4
85.

(C:\Users\joshh\AppData\Local\Programs\MiKTeX\tex/latex/00miktex\epstopdf-sys.c
fg
File: epstopdf-sys.cfg 2021/03/18 v2.0 Configuration of epstopdf for MiKTeX
))
Package hyperref Info: Link coloring OFF on input line 45.
 (report.out) (report.out)
\@outlinefile=\write3
\openout3 = `report.out'.


*geometry* driver: auto-detecting
*geometry* detected driver: pdftex
*geometry* verbose mode - [ preamble ] result:
* driver: pdftex
* paper: a4paper
* layout: <same size as paper>
* layoutoffset:(h,v)=(0.0pt,0.0pt)
* modes: 
* h-part:(L,W,R)=(72.26999pt, 452.9679pt, 72.26999pt)
* v-part:(T,H,B)=(72.26999pt, 700.50687pt, 72.26999pt)
* \paperwidth=597.50787pt
* \paperheight=845.04684pt
* \textwidth=452.9679pt
* \textheight=700.50687pt
* \oddsidemargin=0.0pt
* \evensidemargin=0.0pt
* \topmargin=-37.0pt
* \headheight=12.0pt
* \headsep=25.0pt
* \topskip=12.0pt
* \footskip=30.0pt
* \marginparwidth=35.0pt
* \marginparsep=10.0pt
* \columnsep=10.0pt
* \skip\footins=10.8pt plus 4.0pt minus 2.0pt
* \hoffset=0.0pt
* \voffset=0.0pt
* \mag=1000
* \@twocolumnfalse
* \@twosidefalse
* \@mparswitchfalse
* \@reversemarginfalse
* (1in=72.27pt=25.4mm, 1cm=28.453pt)

\c@lstlisting=\count330
LaTeX Font Info:    Trying to load font information for U+msa on input line 48.

(C:\Users\joshh\AppData\Local\Programs\MiKTeX\tex/latex/amsfonts\umsa.fd
File: umsa.fd 2013/01/14 v3.01 AMS symbols A
)
LaTeX Font Info:    Trying to load font information for U+msb on input line 48.


(C:\Users\joshh\AppData\Local\Programs\MiKTeX\tex/latex/amsfonts\umsb.fd
File: umsb.fd 2013/01/14 v3.01 AMS symbols B
)
[1

{C:/Users/joshh/AppData/Local/MiKTeX/fonts/map/pdftex/pdftex.map}]
(report.toc)
\tf@toc=\write4
\openout4 = `report.toc'.

 [2]
Overfull \hbox (1.1819pt too wide) in paragraph at lines 65--67
[]\OT1/cmr/bx/n/12 ESP32-C3 Su-per-Mini Pen (In-er-tial Sen-sor & Path Re-con-s
truc-tion Node):
 []

! Misplaced alignment tab character &.
<argument> Arduino Due (Parallel Receiver &
                                            Neural Inference Engine):
l.71 ...llel Receiver & Neural Inference Engine):}
                                                  
I can't figure out why you would want to use a tab mark
here. If you just want an ampersand, the remedy is
simple: Just type `I\&' now. But if some right brace
up above has ended a previous alignment prematurely,
you're probably due for more error messages, and you
might try typing `S' now just to see what is salvageable.

[3]
Overfull \hbox (9.0743pt too wide) in paragraph at lines 122--124
\OT1/cmr/m/n/12 For any sub-se-quent Net ac-cel-er-a-tion mea-sure-ment $[] = \
OT1/cmr/bx/n/12 a \OMS/cmsy/m/n/12 ^^@ []$\OT1/cmr/m/n/12 , the gravity-compens
ated
 []

[4]
Overfull \hbox (25.27592pt too wide) in paragraph at lines 161--161
[]\OT1/cmr/bx/n/17.28 Distributed Trans-mit-ting Pro-to-cols & La-tency Break-
 []

[5]
! Missing $ inserted.
<inserted text> 
                $
l.172 A lookup table `gpio_
                           lookup[256]` is computed at startup, mapping each...
I've inserted a begin-math/end-math symbol since I think
you left one out. Proceed, with fingers crossed.

(C:\Users\joshh\AppData\Local\Programs\MiKTeX\tex/latex/listings\lstlang1.sty
File: lstlang1.sty 2025/11/14 1.11b listings language file
)
(C:\Users\joshh\AppData\Local\Programs\MiKTeX\tex/latex/listings\lstlang1.sty
File: lstlang1.sty 2025/11/14 1.11b listings language file
)
(C:\Users\joshh\AppData\Local\Programs\MiKTeX\tex/latex/listings\lstmisc.sty
File: lstmisc.sty 2025/11/14 1.11b (Carsten Heinz)
)
! Missing $ inserted.
<inserted text> 
                $
l.173 \begin{lstlisting}[language=C++]
                                      
I've inserted a begin-math/end-math symbol since I think
you left one out. Proceed, with fingers crossed.

! Missing \endgroup inserted.
<inserted text> 
                \endgroup 
l.173 \begin{lstlisting}[language=C++]
                                      
I've inserted something that you may have forgotten.
(See the <inserted text> above.)
With luck, this will get me unwedged. But if you
really didn't forget anything, try typing `2' now; then
my insertion and my current dilemma will both disappear.

! Missing \endgroup inserted.
<inserted text> 
                \endgroup 
l.173 \begin{lstlisting}[language=C++]
                                      
I've inserted something that you may have forgotten.
(See the <inserted text> above.)
With luck, this will get me unwedged. But if you
really didn't forget anything, try typing `2' now; then
my insertion and my current dilemma will both disappear.

! Missing \endgroup inserted.
<inserted text> 
                \endgroup 
l.173 \begin{lstlisting}[language=C++]
                                      
I've inserted something that you may have forgotten.
(See the <inserted text> above.)
With luck, this will get me unwedged. But if you
really didn't forget anything, try typing `2' now; then
my insertion and my current dilemma will both disappear.


Overfull \hbox (565.0683pt too wide) in paragraph at lines 172--173
[]\OT1/cmr/m/n/12 A lookup ta-ble `gpio$[]\OML/cmm/m/it/12 ookup\OT1/cmr/m/n/12
 [256]`\OML/cmm/m/it/12 iscomputedatstartup; mappingeachbytevaluedirectlytoitsc
orrespondingESP\OT1/cmr/m/n/12 32\OML/cmm/m/it/12 GPIOoutputbitmask:Thefastbyte
transmissionfunctionisimplementedasfollows \OT1/cmr/m/n/12 :
 []

! Undefined control sequence.
\lst@GetLineInterval ...r \lst@GLI \lst@linerange 
                                                  \@nil 
l.173 \begin{lstlisting}[language=C++]
                                      
The control sequence at the end of the top line
of your error message was never \def'ed. If you have
misspelled it (e.g., `\hobx'), type `I' and the correct
spelling (e.g., `I\hbox'). Otherwise just continue,
and I'll forget about whatever was undefined.

Runaway argument?
 the Arduino Due registers a rising-edge interrupt on its clock pin (\ETC.
! Paragraph ended before \lst@GLI was complete.
<to be read again> 
                   \par 
l.202 
      
I suspect you've forgotten a `}', causing me to apply this
control sequence to too much text. How can we recover?
My plan is to forget the whole thing and hope for the best.


Overfull \hbox (3.77812pt too wide) in paragraph at lines 204--205
\OT1/cmtt/m/n/10 The combination of ESP-NOW and the parallel bus yields a highl
y responsive system. The
 []


Overfull \hbox (37.51779pt too wide) in paragraph at lines 204--205
\OT1/cmtt/m/n/10 total end-to-end latency $\OML/cmm/m/it/10 T[]$ \OT1/cmtt/m/n/
10 is calculated by accumulating the measured diagnostic durations
 []

LaTeX Font Info:    Font shape `OT1/cmtt/bx/n' in size <10> not available
(Font)              Font shape `OT1/cmtt/m/n' tried instead on input line 210.

Overfull \hbox (28.22417pt too wide) in paragraph at lines 210--211
[]\OT1/cmtt/m/n/10 Pen Processing Time ($\OML/cmm/m/it/10 t[]$\OT1/cmtt/m/n/10 
): $\OMS/cmsy/m/n/10 ^^Y \OT1/cmr/m/n/10 425 \OML/cmm/m/it/10 ^^V[]$ \OT1/cmtt/
m/n/10 (includes projection and Bresenham rasterization). 
 []

LaTeX Font Info:    Font shape `OT1/cmtt/bx/n' in size <7> not available
(Font)              Font shape `OT1/cmtt/m/n' tried instead on input line 213.
LaTeX Font Info:    Font shape `OT1/cmtt/bx/n' in size <5> not available
(Font)              Font shape `OT1/cmtt/m/n' tried instead on input line 213.

Overfull \hbox (24.77794pt too wide) in paragraph at lines 216--217
\OT1/cmtt/m/n/10 The total latency is approximately 3.25 ms, representing an ex
ceptionally fast hand-written
 []


Overfull \hbox (40.5278pt too wide) in paragraph at lines 219--220
\OT1/cmtt/m/n/10 To guarantee error-free parallel transmission in electrically 
noisy environments, we implement
 []

[6]

Package hyperref Warning: Token not allowed in a PDF string (Unicode):
(hyperref)                removing `math shift' on input line 221.


Package hyperref Warning: Token not allowed in a PDF string (Unicode):
(hyperref)                removing `superscript' on input line 221.


Package hyperref Warning: Token not allowed in a PDF string (Unicode):
(hyperref)                removing `math shift' on input line 221.


Overfull \hbox (5.22429pt too wide) in paragraph at lines 222--223
\OT1/cmtt/m/n/10 All arithmetic operations are performed over the finite field 
$\OML/cmm/m/it/10 GF\OT1/cmr/m/n/10 (2[])$\OT1/cmtt/m/n/10 , defined using the
 []


Overfull \hbox (51.02771pt too wide) in paragraph at lines 222--223
\OT1/cmtt/m/n/10 and division of field elements are optimized using precomputed
 exponential (`exp`) and logarithm
 []


Overfull \hbox (24.489pt too wide) in paragraph at lines 230--231
\OT1/cmtt/m/n/10 The message polynomial $\OML/cmm/m/it/10 m\OT1/cmr/m/n/10 (\OM
L/cmm/m/it/10 x\OT1/cmr/m/n/10 )$ \OT1/cmtt/m/n/10 of degree 105 is multiplied 
by $\OML/cmm/m/it/10 x[]$ \OT1/cmtt/m/n/10 and divided by the generator
 []


Overfull \hbox (8.45003pt too wide) in paragraph at lines 232--233
[]\OT1/cmtt/m/n/10 At the receiver, the raw buffer is treated as a received pol
ynomial $\OML/cmm/m/it/10 R\OT1/cmr/m/n/10 (\OML/cmm/m/it/10 x\OT1/cmr/m/n/10 )
 = \OML/cmm/m/it/10 c\OT1/cmr/m/n/10 (\OML/cmm/m/it/10 x\OT1/cmr/m/n/10 ) \OMS/
cmsy/m/n/10 ^^H \OML/cmm/m/it/10 E\OT1/cmr/m/n/10 (\OML/cmm/m/it/10 x\OT1/cmr/m
/n/10 )$\OT1/cmtt/m/n/10 ,
 []


Overfull \hbox (0.78691pt too wide) in paragraph at lines 232--233
\OT1/cmtt/m/n/10 where $\OML/cmm/m/it/10 E\OT1/cmr/m/n/10 (\OML/cmm/m/it/10 x\O
T1/cmr/m/n/10 )$ \OT1/cmtt/m/n/10 represents the error polynomial. The syndrome
 vector $\OT1/cmr/bx/n/10 S \OT1/cmr/m/n/10 = (\OML/cmm/m/it/10 S[]; S[]; [] ; 
S[]\OT1/cmr/m/n/10 )[]$ \OT1/cmtt/m/n/10 is
 []


Overfull \hbox (31.57259pt too wide) in paragraph at lines 235--237
\OT1/cmtt/m/n/10 If all syndromes $\OML/cmm/m/it/10 S[] \OT1/cmr/m/n/10 = 0$\OT
1/cmtt/m/n/10 , the packet is clean and decoded immediately. Otherwise, the dec
oder
 []


Overfull \hbox (6.90305pt too wide) in paragraph at lines 241--242
[]\OT1/cmtt/m/n/10 Berlekamp-Massey Algorithm: Iteratively solves the key equat
ion to find the error
 []


Overfull \hbox (6.86166pt too wide) in paragraph at lines 242--243
[]\OT1/cmtt/m/n/10 Chien Search: Finds the roots of $\OT1/cmr/m/n/10 ^^C(\OML/c
mm/m/it/10 x\OT1/cmr/m/n/10 )$ \OT1/cmtt/m/n/10 by evaluating it at every field
 element $\OML/cmm/m/it/10 x \OT1/cmr/m/n/10 =
 []


Overfull \hbox (13.536pt too wide) in paragraph at lines 242--243
\OT1/cmr/m/n/10 2[]$ \OT1/cmtt/m/n/10 for $\OML/cmm/m/it/10 i \OT1/cmr/m/n/10 =
 0\OML/cmm/m/it/10 ; [] ; \OT1/cmr/m/n/10 115$\OT1/cmtt/m/n/10 . The error loca
tions correspond to the indices $\OML/cmm/m/it/10 i$ \OT1/cmtt/m/n/10 where $\O
T1/cmr/m/n/10 ^^C(2[]) =
 []


Overfull \hbox (28.27882pt too wide) in paragraph at lines 243--244
[]\OT1/cmtt/m/n/10 Forney's Algorithm: Computes the error evaluator polynomial 
$\OT1/cmr/m/n/10 
(\OML/cmm/m/it/10 x\OT1/cmr/m/n/10 ) = \OML/cmm/m/it/10 S\OT1/cmr/m/n/10 (\OML/
cmm/m/it/10 x\OT1/cmr/m/n/10 ) \OMS/cmsy/m/n/10 ^^A \OT1/cmr/m/n/10 ^^C(\OML/cm
m/m/it/10 x\OT1/cmr/m/n/10 )([]\OML/cmm/m/it/10 x[]\OT1/cmr/m/n/10 )$\OT1/cmtt/
m/n/10 .
 []


Overfull \hbox (9.1463pt too wide) in paragraph at lines 246--248
\OT1/cmtt/m/n/10 where $\OT1/cmr/m/n/10 ^^C[](\OML/cmm/m/it/10 x\OT1/cmr/m/n/10
 )$ \OT1/cmtt/m/n/10 is the formal derivative of the error locator polynomial. 
The original
 []


Overfull \hbox (24.77794pt too wide) in paragraph at lines 251--252
\OT1/cmtt/m/n/10 The DAFNet classifier deployed on the Arduino Due is the resul
t of systematic architectural
 []

[7]
Overfull \hbox (3.65329pt too wide) in paragraph at lines 256--257
[]\OT1/cmtt/m/n/10 Version 0: The baseline linear network ($\OML/cmm/m/it/10 H\
OT1/cmr/m/n/10 1$ \OT1/cmtt/m/n/10 and $\OML/cmm/m/it/10 H\OT1/cmr/m/n/10 2$\OT
1/cmtt/m/n/10 ) with no activation functions
 []


Overfull \hbox (22.65291pt too wide) in paragraph at lines 256--257
\OT1/cmtt/m/n/10 collapsed mathematically into a single matrix. High file I/O b
ottleneck and gradient
 []


Overfull \hbox (22.65291pt too wide) in paragraph at lines 257--258
[]\OT1/cmtt/m/n/10 Version 1.0: Introduced ReLU activation and numerical gradie
nt approximation. While
 []


Overfull \hbox (6.72304pt too wide) in paragraph at lines 257--258
\OT1/cmtt/m/n/10 Shannon entropy dropped successfully (e.g., $\OML/cmm/m/it/10 
H\OT1/cmr/m/n/10 1 \OMS/cmsy/m/n/10 ^^Y \OT1/cmr/m/n/10 6\OML/cmm/m/it/10 :\OT1
/cmr/m/n/10 63 \OMS/cmsy/m/n/10 ! \OT1/cmr/m/n/10 3\OML/cmm/m/it/10 :\OT1/cmr/m
/n/10 05$\OT1/cmtt/m/n/10 ), the network suffered
 []


Overfull \hbox (48.90268pt too wide) in paragraph at lines 257--258
\OT1/cmtt/m/n/10 from severe overfitting (100% training vs. 0% verification acc
uracy) and a divide-by-zero
 []


Overfull \hbox (17.40295pt too wide) in paragraph at lines 258--259
[]\OT1/cmtt/m/n/10 Version 1.1: Replaced numerical gradients with a mathematica
lly rigorous vectorized
 []


Overfull \hbox (6.90305pt too wide) in paragraph at lines 258--259
\OT1/cmtt/m/n/10 blame assignment (backpropagation), reducing training time fro
m 15 minutes to 30.6
 []


Overfull \hbox (38.40277pt too wide) in paragraph at lines 258--259
\OT1/cmtt/m/n/10 seconds. However, it hit a memorization plateau due to dataset
 starvation (100 training
 []


Overfull \hbox (17.40295pt too wide) in paragraph at lines 259--260
[]\OT1/cmtt/m/n/10 Version 1.2, 1.2.1 & 1.4.1: Transitioned to the standardized
 MNIST dataset. Solved
 []


Overfull \hbox (38.40277pt too wide) in paragraph at lines 260--261
[]\OT1/cmtt/m/n/10 Version 1.3 & 1.4: Experimented with a custom concatenated p
ooling bottleneck (reducing
 []


Overfull \hbox (17.98671pt too wide) in paragraph at lines 261--262
[]\OT1/cmtt/m/n/10 Version 1.5 & 1.5.1: Deepened the network to a 3-hidden-laye
r topology ($\OT1/cmr/m/n/10 784 \OMS/cmsy/m/n/10 ! \OT1/cmr/m/n/10 196 \OMS/cm
sy/m/n/10 !
 []


Overfull \hbox (31.95863pt too wide) in paragraph at lines 261--262
\OT1/cmr/m/n/10 49 \OMS/cmsy/m/n/10 ! \OT1/cmr/m/n/10 10$\OT1/cmtt/m/n/10 ) usi
ng hand-written backpropagation, demonstrating gradient propagation without
 []


Overfull \hbox (54.15263pt too wide) in paragraph at lines 262--263
[]\OT1/cmtt/m/n/10 Version 1.6 & 1.7: Explored 4-branch dense architectures wit
h concatenated or element-wise
 []


Overfull \hbox (22.65291pt too wide) in paragraph at lines 262--263
\OT1/cmtt/m/n/10 summed multi-dimensional outputs to capture features at differ
ent abstraction levels. 
 []


Overfull \hbox (38.40277pt too wide) in paragraph at lines 263--264
[]\OT1/cmtt/m/n/10 Version 1.8 & 1.8.1: Implemented a 12-branch spatial slicing
 network that geometrically
 []


Overfull \hbox (33.15282pt too wide) in paragraph at lines 263--264
\OT1/cmtt/m/n/10 split the input image into overlapping patches (corners, cente
r, and horizontal strips)
 []


Overfull \hbox (22.65291pt too wide) in paragraph at lines 264--265
[]\OT1/cmtt/m/n/10 Version 2.0 & 2.1: Introduced custom convolutions and max-po
oling to achieve spatial
 []


Overfull \hbox (22.65291pt too wide) in paragraph at lines 264--265
\OT1/cmtt/m/n/10 translation invariance. Ported the pipeline to PyTorch for GPU
 acceleration, scaling
 []


Overfull \hbox (1.65309pt too wide) in paragraph at lines 264--265
\OT1/cmtt/m/n/10 feature maps to 8 parallel convolutional kernels and achieving
 94.68% accuracy on
 []


Overfull \hbox (54.15263pt too wide) in paragraph at lines 265--266
[]\OT1/cmtt/m/n/10 Version 3.0 (RFNet): Upgraded the task to the 47-class EMNIS
T ByMerge dataset. Introduced
 []


Overfull \hbox (1.65309pt too wide) in paragraph at lines 265--266
\OT1/cmtt/m/n/10 asymmetric input slicing (factoring the 28x28 dimension) and r
esidual connections
 []


Overfull \hbox (27.90286pt too wide) in paragraph at lines 266--267
[]\OT1/cmtt/m/n/10 Version 3.1 (DAFNet): Deployed as the final decoupled studen
t model. Avoids feedback
 []


Overfull \hbox (27.90286pt too wide) in paragraph at lines 266--267
\OT1/cmtt/m/n/10 loops by removing residual connections, resulting in a streaml
ined dual-stream forward
 []


Overfull \hbox (11.59068pt too wide) in paragraph at lines 270--271
\OT1/cmtt/m/n/10 To transfer the classification accuracy of a high-capacity Wav
eMix teacher model ($[]$,
 []


Overfull \hbox (45.12508pt too wide) in paragraph at lines 270--271
\OT1/cmtt/m/n/10 1,012,348 parameters) to the student model ($[]$, 317,608 para
meters), we utilize a soft-target
 []


Overfull \hbox (24.77794pt too wide) in paragraph at lines 270--271
\OT1/cmtt/m/n/10 Knowledge Distillation framework. The student is optimized usi
ng a combined loss function: 
 []


Overfull \hbox (18.38947pt too wide) in paragraph at lines 273--275
\OT1/cmtt/m/n/10 where $\OT1/cmr/bx/n/10 z[]$ \OT1/cmtt/m/n/10 and $\OT1/cmr/bx
/n/10 z[]$ \OT1/cmtt/m/n/10 represent student and teacher logits, $\OML/cmm/m/i
t/10 T \OT1/cmr/m/n/10 = 4\OML/cmm/m/it/10 :\OT1/cmr/m/n/10 0$ \OT1/cmtt/m/n/10
 is the softening temperature,
 []


Overfull \hbox (10.90303pt too wide) in paragraph at lines 276--277
[]\OT1/cmtt/m/n/10 During distillation, we resolved a critical domain mismatch:
 the teacher was trained
 []


Overfull \hbox (45.77776pt too wide) in paragraph at lines 276--277
\OT1/cmtt/m/n/10 on rotated EMNIST images, whereas the student expected upright
-transposed images for real-world
 []


Overfull \hbox (15.81664pt too wide) in paragraph at lines 276--277
\OT1/cmtt/m/n/10 deployment. We solved this by transposing the image batch $\OT
1/cmr/bx/n/10 X[]$ \OT1/cmtt/m/n/10 before passing it to the
 []


Overfull \hbox (3.77812pt too wide) in paragraph at lines 279--281
\OT1/cmtt/m/n/10 This transposition restored the distillation process, enabling
 the distilled student to
 []

[8]
Overfull \hbox (3.77812pt too wide) in paragraph at lines 283--284
\OT1/cmtt/m/n/10 To compress the distilled student model for deployment on the 
Arduino Due, we implement
 []


Overfull \hbox (4.11156pt too wide) in paragraph at lines 283--284
\OT1/cmtt/m/n/10 a post-training symmetric integer quantization pipeline. Float
ing-point weights $\OML/cmm/m/it/10 W$ \OT1/cmtt/m/n/10 are
 []


Overfull \hbox (15.24425pt too wide) in paragraph at lines 283--284
\OT1/cmtt/m/n/10 mapped to a signed 8-bit integer range $\OT1/cmr/m/n/10 [\OMS/
cmsy/m/n/10 ^^@\OT1/cmr/m/n/10 127\OML/cmm/m/it/10 ; \OT1/cmr/m/n/10 127]$ \OT1
/cmtt/m/n/10 with $\OML/cmm/m/it/10 qmax \OT1/cmr/m/n/10 = 127$\OT1/cmtt/m/n/10
 . For each weight layer,
 []

! Missing $ inserted.
<inserted text> 
                $
l.291 ...duino, weights are stored as `const int8_
                                                  t` in Flash memory to pres...
I've inserted a begin-math/end-math symbol since I think
you left one out. Proceed, with fingers crossed.


! LaTeX Error: Bad math environment delimiter.

See the LaTeX manual or LaTeX Companion for explanation.
Type  H <return>  for immediate help.
 ...                                              
                                                  
l.292 \begin{equation}
                      
Your command was ignored.
Type  I <command> <return>  to replace it with another command,
or  <return>  to continue without it.

! You can't use `\eqno' in math mode.
\veqno ->\@kernel@eqno 
                       \aftergroup \ignorespaces 
l.294 \end{equation}
                    
Sorry, but I'm not programmed to handle this case;
I'll just pretend that you didn't ask for it.
If you're in the wrong mode, you might be able to
return to the right one by typing `I}' or `I$' or `I\par'.

! Missing \endgroup inserted.
<inserted text> 
                \endgroup 
l.294 \end{equation}
                    
I've inserted something that you may have forgotten.
(See the <inserted text> above.)
With luck, this will get me unwedged. But if you
really didn't forget anything, try typing `2' now; then
my insertion and my current dilemma will both disappear.


! LaTeX Error: \begin{document} ended by \end{equation}.

See the LaTeX manual or LaTeX Companion for explanation.
Type  H <return>  for immediate help.
 ...                                              
                                                  
l.294 \end{equation}
                    
Your command was ignored.
Type  I <command> <return>  to replace it with another command,
or  <return>  to continue without it.

! Missing $ inserted.
<inserted text> 
                $
l.294 \end{equation}
                    
I've inserted something that you may have forgotten.
(See the <inserted text> above.)
With luck, this will get me unwedged. But if you
really didn't forget anything, try typing `2' now; then
my insertion and my current dilemma will both disappear.

! Extra \endgroup.
<recently read> \endgroup 
                          
l.294 \end{equation}
                    
Things are pretty mixed up, but I think the worst is over.


Overfull \hbox (288.26224pt too wide) in paragraph at lines 290--296
\OT1/cmtt/m/n/10 During inference on the Arduino, weights are stored as `const 
int8$[]\OT1/cmr/m/n/10 `\OML/cmm/m/it/10 inFlashmemorytopreserveSRAM:Arithmetic
accumulationsareperformedinfloating \OMS/cmsy/m/n/10 ^^@
 []


Overfull \hbox (6.41414pt too wide) in paragraph at lines 290--296
\OML/cmm/m/it/10 pointbydynamicallyscalingtheaccumulateddotproductsattheoutputo
feachlayer \OT1/cmr/m/n/10 : [][][]\OML/cmm/m/it/10 y[] \OT1/cmr/m/n/10 = [] \O
MS/cmsy/m/n/10 ^^B
 []


Overfull \hbox (12.5144pt too wide) in paragraph at lines 290--296
\OML/cmm/m/it/10 S[]$$$ \OT1/cmtt/m/n/10 Quantization reduces the weight file s
ize by over 65% (compressing total weights on
 []


Overfull \hbox (14.27803pt too wide) in paragraph at lines 290--296
\OT1/cmtt/m/n/10 student maintains an EMNIST test accuracy of 89.36%, exhibitin
g zero accuracy regression. 
 []


Overfull \hbox (40.5278pt too wide) in paragraph at lines 298--299
\OT1/cmtt/m/n/10 A comparative research study was conducted to evaluate the nec
essity of knowledge distillation
 []


Overfull \hbox (30.0279pt too wide) in paragraph at lines 298--299
\OT1/cmtt/m/n/10 against direct quantization of the large teacher model. The re
sults are summarized in Table
 []

LaTeX Font Info:    Font shape `OT1/cmtt/bx/n' in size <12> not available
(Font)              Font shape `OT1/cmtt/m/n' tried instead on input line 318.

Overfull \hbox (6.90305pt too wide) in paragraph at lines 323--324
[]\OT1/cmtt/m/n/10 Knowledge Distillation is Essential: Directly quantizing the
 1M parameter teacher
 []


Overfull \hbox (6.90305pt too wide) in paragraph at lines 323--324
\OT1/cmtt/m/n/10 model (v4.0w) to 4-bit integer weights (to match the storage s
cale of the student)
 []


Overfull \hbox (19.79222pt too wide) in paragraph at lines 323--324
\OT1/cmtt/m/n/10 leads to a severe accuracy collapse from 91.08% to 86.76% (a m
assive $\OMS/cmsy/m/n/10 ^^@\OT1/cmr/m/n/10 4\OML/cmm/m/it/10 :\OT1/cmr/m/n/10 
32%$ \OT1/cmtt/m/n/10 absolute
 []


Overfull \hbox (33.15282pt too wide) in paragraph at lines 323--324
\OT1/cmtt/m/n/10 regression). This proves that aggressive low-bit quantization 
of complex architectures
 []


Overfull \hbox (1.65309pt too wide) in paragraph at lines 323--324
\OT1/cmtt/m/n/10 destroys representation capacity, making the student-distillat
ion route superior. 
 []


Overfull \hbox (15.93295pt too wide) in paragraph at lines 324--325
[]\OT1/cmtt/m/n/10 Distillation Empowers Quantization Resilience: The distilled
 INT8 student (v3.1[]q8,
 []


Overfull \hbox (32.60208pt too wide) in paragraph at lines 324--325
\OT1/cmtt/m/n/10 89.36%) outperforms the baseline quantized student (v3.1[]base
line[]q8, 89.07%) by $\OT1/cmr/m/n/10 +0\OML/cmm/m/it/10 :\OT1/cmr/m/n/10 29%$
 []


Overfull \hbox (54.15263pt too wide) in paragraph at lines 324--325
\OT1/cmtt/m/n/10 absolute accuracy while maintaining the same memory footprint 
(317.6 KB). This demonstrates
 []


Overfull \hbox (43.65273pt too wide) in paragraph at lines 324--325
\OT1/cmtt/m/n/10 that distilling soft probabilities from a teacher embeds resil
ient, generalized geometric
 []


Overfull \hbox (27.90286pt too wide) in paragraph at lines 325--326
[]\OT1/cmtt/m/n/10 Inference Latency Breakthrough: Due to its complex wavelet d
ecomposition and bilinear
 []


Overfull \hbox (6.90305pt too wide) in paragraph at lines 325--326
\OT1/cmtt/m/n/10 upsampling layers, the teacher model has a CPU inference laten
cy of 12.24 ms. The
 []


Overfull \hbox (38.40277pt too wide) in paragraph at lines 325--326
\OT1/cmtt/m/n/10 DAFNet student model executes in just 0.64 ms, representing a 
19.1x speedup that enables
 []


Overfull \hbox (30.0279pt too wide) in paragraph at lines 329--330
\OT1/cmtt/m/n/10 The DAFNet model is written in standard C++ and runs on the Ar
duino Due. The model utilizes
 []

[9
pdfTeX warning (ext4): destination with the same identifier (name{table.1}) has
 been already used, duplicate ignored
<argument> ...shipout:D \box_use:N \l_shipout_box 
                                                  \__shipout_drop_firstpage_...
l.331 \subsection
                 {Dual-Stream Streamlined Pipeline}]
Overfull \hbox (6.50296pt too wide) in paragraph at lines 337--338
[]\OT1/cmtt/m/n/10 conv2: Depthwise 2D convolution with 4 groups. Processes eac
h of the 4 maps
 []


Overfull \hbox (15.30898pt too wide) in paragraph at lines 337--338
\OT1/cmtt/m/n/10 using its own $\OT1/cmr/m/n/10 3 \OMS/cmsy/m/n/10 ^^B \OT1/cmr
/m/n/10 3$ \OT1/cmtt/m/n/10 filter, producing 4 feature maps of size $\OT1/cmr/
m/n/10 24 \OMS/cmsy/m/n/10 ^^B \OT1/cmr/m/n/10 24$ \OT1/cmtt/m/n/10 (576 elemen
ts
 []


Overfull \hbox (59.0025pt too wide) in paragraph at lines 338--339
[]\OT1/cmtt/m/n/10 Asymmetrical Factor Slicing: Rather than using complex pooli
ng layers, the 576-element
 []


Overfull \hbox (14.43091pt too wide) in paragraph at lines 341--343
[]\OT1/cmtt/m/n/10 Stream 2: Fixed Edge-Detection Stream: Convolves the input i
mage with 4 static $\OT1/cmr/m/n/10 3 \OMS/cmsy/m/n/10 ^^B
 []


Overfull \hbox (38.15283pt too wide) in paragraph at lines 341--343
\OT1/cmr/m/n/10 3$ \OT1/cmtt/m/n/10 Sobel edge-detection kernels (Sobel X, Sobe
l Y, Diagonal 1, and Diagonal 2), producing
 []


Overfull \hbox (18.93105pt too wide) in paragraph at lines 341--343
\OT1/cmtt/m/n/10 4 feature maps of size $\OT1/cmr/m/n/10 26 \OMS/cmsy/m/n/10 ^^
B \OT1/cmr/m/n/10 26$\OT1/cmtt/m/n/10 . Row-wise summation collapses each map t
o a 26-element
 []


Overfull \hbox (33.07869pt too wide) in paragraph at lines 341--343
\OT1/cmtt/m/n/10 vector, which is projected to 12 features using a fixed projec
tion matrix $\OT1/cmr/bx/n/10 W[]$ \OT1/cmtt/m/n/10 (shape
 []


Overfull \hbox (32.63972pt too wide) in paragraph at lines 344--345
\OT1/cmtt/m/n/10 The outputs are concatenated into a $\OT1/cmr/m/n/10 480$\OT1/
cmtt/m/n/10 -dimensional vector ($\OT1/cmr/m/n/10 432 + 48 = 480$\OT1/cmtt/m/n/
10 ), which is forwarded
 []


Overfull \hbox (40.80602pt too wide) in paragraph at lines 344--345
\OT1/cmtt/m/n/10 with a ReLU, and a final linear layer $[]$ ($\OT1/cmr/m/n/10 1
28 \OMS/cmsy/m/n/10 ^^B \OT1/cmr/m/n/10 47$\OT1/cmtt/m/n/10 ) that computes EMN
IST ByMerge classification
 []


Overfull \hbox (40.5278pt too wide) in paragraph at lines 347--348
\OT1/cmtt/m/n/10 The SAM3X8E microcontroller features 512 KB of Flash memory bu
t only 96 KB of SRAM. Allocating
 []


Overfull \hbox (35.27785pt too wide) in paragraph at lines 347--348
\OT1/cmtt/m/n/10 the model's 317,608 INT8 parameters in SRAM would cause immedi
ate stack overflow. To address
 []


Overfull \hbox (24.77794pt too wide) in paragraph at lines 347--348
\OT1/cmtt/m/n/10 this, all weights and scale constants are declared with the `c
onst` qualifier. This forces
 []


Overfull \hbox (0.40312pt too wide) in paragraph at lines 349--350
[]\OT1/cmtt/m/n/10 During inference, weights are read directly from Flash, and 
intermediate activation
 []


Overfull \hbox (9.02808pt too wide) in paragraph at lines 349--350
\OT1/cmtt/m/n/10 buffers are allocated as static global arrays in SRAM. The tot
al static SRAM consumption
 []


Overfull \hbox (35.27785pt too wide) in paragraph at lines 352--353
\OT1/cmtt/m/n/10 This project successfully demonstrates the design and integrat
ion of a real-time, closed-loop
 []


Overfull \hbox (24.77794pt too wide) in paragraph at lines 352--353
\OT1/cmtt/m/n/10 smart writing system. By combining hardware-level register ope
rations, robust Reed-Solomon
 []


Overfull \hbox (5.22429pt too wide) in paragraph at lines 352--353
\OT1/cmtt/m/n/10 Forward Error Correction over $\OML/cmm/m/it/10 GF\OT1/cmr/m/n
/10 (2[])$\OT1/cmtt/m/n/10 , and a Mahony attitude filter with linear velocity
 []


Overfull \hbox (14.27803pt too wide) in paragraph at lines 352--353
\OT1/cmtt/m/n/10 detrending, we achieve drift-free trajectory reconstruction an
d low-latency transmission.
 []


Overfull \hbox (19.52798pt too wide) in paragraph at lines 352--353
\OT1/cmtt/m/n/10 Furthermore, the implementation of post-training symmetric INT
8 quantization, coupled with
 []


Overfull \hbox (14.27803pt too wide) in paragraph at lines 352--353
\OT1/cmtt/m/n/10 EMNIST-aligned knowledge distillation, enables the 317,608-par
ameter DAFNet student model
 []


Overfull \hbox (40.5278pt too wide) in paragraph at lines 352--353
\OT1/cmtt/m/n/10 to run real-time inference on an Arduino Due in just 0.64 ms, 
preserving a high classification
 []


Overfull \hbox (14.27803pt too wide) in paragraph at lines 352--353
\OT1/cmtt/m/n/10 accuracy of 89.36%. This demonstrates that rigorous algorithmi
c optimizations can bridge
 []


Overfull \hbox (3.77812pt too wide) in paragraph at lines 352--353
\OT1/cmtt/m/n/10 the gap between complex deep learning models and resource-cons
trained microcontrollers. 
 []

[10] (report.aux)
 ***********
LaTeX2e <2025-11-01>
L3 programming layer <2025-12-24>
 ***********
Package rerunfilecheck Info: File `report.out' has not changed.
(rerunfilecheck)             Checksum: E855779B1D9B05ABA128EA091E9C4631;5980.
 ) 
Here is how much of TeX's memory you used:
 11917 strings out of 467871
 181561 string characters out of 5418376
 785211 words of memory out of 5000000
 40561 multiletter control sequences out of 15000+600000
 643689 words of font info for 101 fonts, out of 8000000 for 9000
 1141 hyphenation exceptions out of 8191
 75i,11n,79p,853b,508s stack positions out of 10000i,1000n,20000p,200000b,200000s
 <C:\Users\joshh\AppData\Local\MiKTeX\fonts/pk/ljfour/jknappen/ec/dpi600\tcrm
1000.pk><C:/Users/joshh/AppData/Local/Programs/MiKTeX/fonts/type1/public/amsfon
ts/cm/cmbx10.pfb><C:/Users/joshh/AppData/Local/Programs/MiKTeX/fonts/type1/publ
ic/amsfonts/cm/cmbx12.pfb><C:/Users/joshh/AppData/Local/Programs/MiKTeX/fonts/t
ype1/public/amsfonts/cm/cmbx7.pfb><C:/Users/joshh/AppData/Local/Programs/MiKTeX
/fonts/type1/public/amsfonts/cm/cmbx8.pfb><C:/Users/joshh/AppData/Local/Program
s/MiKTeX/fonts/type1/public/amsfonts/cm/cmex10.pfb><C:/Users/joshh/AppData/Loca
l/Programs/MiKTeX/fonts/type1/public/amsfonts/cm/cmmi10.pfb><C:/Users/joshh/App
Data/Local/Programs/MiKTeX/fonts/type1/public/amsfonts/cm/cmmi12.pfb><C:/Users/
joshh/AppData/Local/Programs/MiKTeX/fonts/type1/public/amsfonts/cm/cmmi5.pfb><C
:/Users/joshh/AppData/Local/Programs/MiKTeX/fonts/type1/public/amsfonts/cm/cmmi
6.pfb><C:/Users/joshh/AppData/Local/Programs/MiKTeX/fonts/type1/public/amsfonts
/cm/cmmi7.pfb><C:/Users/joshh/AppData/Local/Programs/MiKTeX/fonts/type1/public/
amsfonts/cm/cmmi8.pfb><C:/Users/joshh/AppData/Local/Programs/MiKTeX/fonts/type1
/public/amsfonts/cm/cmmib10.pfb><C:/Users/joshh/AppData/Local/Programs/MiKTeX/f
onts/type1/public/amsfonts/cm/cmr10.pfb><C:/Users/joshh/AppData/Local/Programs/
MiKTeX/fonts/type1/public/amsfonts/cm/cmr12.pfb><C:/Users/joshh/AppData/Local/P
rograms/MiKTeX/fonts/type1/public/amsfonts/cm/cmr17.pfb><C:/Users/joshh/AppData
/Local/Programs/MiKTeX/fonts/type1/public/amsfonts/cm/cmr6.pfb><C:/Users/joshh/
AppData/Local/Programs/MiKTeX/fonts/type1/public/amsfonts/cm/cmr7.pfb><C:/Users
/joshh/AppData/Local/Programs/MiKTeX/fonts/type1/public/amsfonts/cm/cmr8.pfb><C
:/Users/joshh/AppData/Local/Programs/MiKTeX/fonts/type1/public/amsfonts/cm/cmsy
10.pfb><C:/Users/joshh/AppData/Local/Programs/MiKTeX/fonts/type1/public/amsfont
s/cm/cmsy7.pfb><C:/Users/joshh/AppData/Local/Programs/MiKTeX/fonts/type1/public
/amsfonts/cm/cmsy8.pfb><C:/Users/joshh/AppData/Local/Programs/MiKTeX/fonts/type
1/public/amsfonts/cm/cmtt10.pfb><C:/Users/joshh/AppData/Local/Programs/MiKTeX/f
onts/type1/public/amsfonts/cm/cmtt12.pfb><C:/Users/joshh/AppData/Local/Programs
/MiKTeX/fonts/type1/public/amsfonts/cm/cmtt8.pfb>
Output written on report.pdf (10 pages, 368326 bytes).
PDF statistics:
 352 PDF objects out of 1000 (max. 8388607)
 75 named destinations out of 1000 (max. 500000)
 193 words of extra memory for PDF output out of 10000 (max. 10000000)

